<?xml version="1.0" encoding="UTF-8"?>
<testsuite xmlns:xsi="http://www.w3.org/2001/XMLSchema-instance" xsi:noNamespaceSchemaLocation="https://maven.apache.org/surefire/maven-surefire-plugin/xsd/surefire-test-report.xsd" name="setup.RunCucumberTest" time="0.615" tests="34" errors="0" skipped="0" failures="0">
  <properties>
    <property name="java.specification.version" value="17"/>
    <property name="sun.jnu.encoding" value="UTF-8"/>
    <property name="java.class.path" value="/Users/williamholberg/Desktop/SEEP/SEEP/target/test-classes:/Users/williamholberg/Desktop/SEEP/SEEP/target/classes:/Users/williamholberg/.m2/repository/io/cucumber/cucumber-java/7.2.3/cucumber-java-7.2.3.jar:/Users/williamholberg/.m2/repository/io/cucumber/cucumber-core/7.2.3/cucumber-core-7.2.3.jar:/Users/williamholberg/.m2/repository/io/cucumber/cucumber-gherkin/7.2.3/cucumber-gherkin-7.2.3.jar:/Users/williamholberg/.m2/repository/io/cucumber/cucumber-gherkin-messages/7.2.3/cucumber-gherkin-messages-7.2.3.jar:/Users/williamholberg/.m2/repository/io/cucumber/messages/17.1.1/messages-17.1.1.jar:/Users/williamholberg/.m2/repository/io/cucumber/tag-expressions/4.1.0/tag-expressions-4.1.0.jar:/Users/williamholberg/.m2/repository/io/cucumber/cucumber-expressions/15.0.1/cucumber-expressions-15.0.1.jar:/Users/williamholberg/.m2/repository/io/cucumber/datatable/7.2.3/datatable-7.2.3.jar:/Users/williamholberg/.m2/repository/io/cucumber/cucumber-plugin/7.2.3/cucumber-plugin-7.2.3.jar:/Users/williamholberg/.m2/repository/io/cucumber/docstring/7.2.3/docstring-7.2.3.jar:/Users/williamholberg/.m2/repository/io/cucumber/html-formatter/17.0.0/html-formatter-17.0.0.jar:/Users/williamholberg/.m2/repository/io/cucumber/ci-environment/8.1.0/ci-environment-8.1.0.jar:/Users/williamholberg/.m2/repository/org/apiguardian/apiguardian-api/1.1.2/apiguardian-api-1.1.2.jar:/Users/williamholberg/.m2/repository/io/cucumber/cucumber-junit/7.2.3/cucumber-junit-7.2.3.jar:/Users/williamholberg/.m2/repository/junit/junit/4.13.2/junit-4.13.2.jar:/Users/williamholberg/.m2/repository/org/hamcrest/hamcrest-core/1.3/hamcrest-core-1.3.jar:/Users/williamholberg/.m2/repository/org/junit/jupiter/junit-jupiter-api/5.8.2/junit-jupiter-api-5.8.2.jar:/Users/williamholberg/.m2/repository/org/opentest4j/opentest4j/1.2.0/opentest4j-1.2.0.jar:/Users/williamholberg/.m2/repository/org/junit/platform/junit-platform-commons/1.8.2/junit-platform-commons-1.8.2.jar:/Users/williamholberg/.m2/repository/io/cucumber/cucumber-picocontainer/7.2.3/cucumber-picocontainer-7.2.3.jar:/Users/williamholberg/.m2/repository/org/picocontainer/picocontainer/2.15/picocontainer-2.15.jar:/Users/williamholberg/.m2/repository/org/junit/jupiter/junit-jupiter-engine/5.8.2/junit-jupiter-engine-5.8.2.jar:/Users/williamholberg/.m2/repository/org/junit/platform/junit-platform-engine/1.8.2/junit-platform-engine-1.8.2.jar:/Users/williamholberg/.m2/repository/org/junit/vintage/junit-vintage-engine/5.8.2/junit-vintage-engine-5.8.2.jar:/Users/williamholberg/.m2/repository/org/junit/platform/junit-platform-runner/1.8.2/junit-platform-runner-1.8.2.jar:/Users/williamholberg/.m2/repository/org/junit/platform/junit-platform-launcher/1.8.2/junit-platform-launcher-1.8.2.jar:/Users/williamholberg/.m2/repository/org/junit/platform/junit-platform-suite-api/1.8.2/junit-platform-suite-api-1.8.2.jar:/Users/williamholberg/.m2/repository/org/junit/platform/junit-platform-suite-commons/1.8.2/junit-platform-suite-commons-1.8.2.jar:/Users/williamholberg/.m2/repository/org/mockito/mockito-core/4.3.1/mockito-core-4.3.1.jar:/Users/williamholberg/.m2/repository/net/bytebuddy/byte-buddy/1.12.7/byte-buddy-1.12.7.jar:/Users/williamholberg/.m2/repository/net/bytebuddy/byte-buddy-agent/1.12.7/byte-buddy-agent-1.12.7.jar:/Users/williamholberg/.m2/repository/org/objenesis/objenesis/3.2/objenesis-3.2.jar:/Users/williamholberg/.m2/repository/org/hamcrest/hamcrest/2.2/hamcrest-2.2.jar:"/>
    <property name="java.vm.vendor" value="Oracle Corporation"/>
    <property name="sun.arch.data.model" value="64"/>
    <property name="java.vendor.url" value="https://java.oracle.com/"/>
    <property name="os.name" value="Mac OS X"/>
    <property name="java.vm.specification.version" value="17"/>
    <property name="sun.java.launcher" value="SUN_STANDARD"/>
    <property name="user.country" value="DK"/>
    <property name="sun.boot.library.path" value="/Users/williamholberg/Library/Java/JavaVirtualMachines/openjdk-17.0.2/Contents/Home/lib"/>
    <property name="sun.java.command" value="/Users/williamholberg/Desktop/SEEP/SEEP/target/surefire/surefirebooter4067803070673333517.jar /Users/williamholberg/Desktop/SEEP/SEEP/target/surefire 2022-05-07T20-45-57_822-jvmRun1 surefire315708760111394670tmp surefire_08865303188394220454tmp"/>
    <property name="http.nonProxyHosts" value="local|*.local|169.254/16|*.169.254/16"/>
    <property name="jdk.debug" value="release"/>
    <property name="surefire.test.class.path" value="/Users/williamholberg/Desktop/SEEP/SEEP/target/test-classes:/Users/williamholberg/Desktop/SEEP/SEEP/target/classes:/Users/williamholberg/.m2/repository/io/cucumber/cucumber-java/7.2.3/cucumber-java-7.2.3.jar:/Users/williamholberg/.m2/repository/io/cucumber/cucumber-core/7.2.3/cucumber-core-7.2.3.jar:/Users/williamholberg/.m2/repository/io/cucumber/cucumber-gherkin/7.2.3/cucumber-gherkin-7.2.3.jar:/Users/williamholberg/.m2/repository/io/cucumber/cucumber-gherkin-messages/7.2.3/cucumber-gherkin-messages-7.2.3.jar:/Users/williamholberg/.m2/repository/io/cucumber/messages/17.1.1/messages-17.1.1.jar:/Users/williamholberg/.m2/repository/io/cucumber/tag-expressions/4.1.0/tag-expressions-4.1.0.jar:/Users/williamholberg/.m2/repository/io/cucumber/cucumber-expressions/15.0.1/cucumber-expressions-15.0.1.jar:/Users/williamholberg/.m2/repository/io/cucumber/datatable/7.2.3/datatable-7.2.3.jar:/Users/williamholberg/.m2/repository/io/cucumber/cucumber-plugin/7.2.3/cucumber-plugin-7.2.3.jar:/Users/williamholberg/.m2/repository/io/cucumber/docstring/7.2.3/docstring-7.2.3.jar:/Users/williamholberg/.m2/repository/io/cucumber/html-formatter/17.0.0/html-formatter-17.0.0.jar:/Users/williamholberg/.m2/repository/io/cucumber/ci-environment/8.1.0/ci-environment-8.1.0.jar:/Users/williamholberg/.m2/repository/org/apiguardian/apiguardian-api/1.1.2/apiguardian-api-1.1.2.jar:/Users/williamholberg/.m2/repository/io/cucumber/cucumber-junit/7.2.3/cucumber-junit-7.2.3.jar:/Users/williamholberg/.m2/repository/junit/junit/4.13.2/junit-4.13.2.jar:/Users/williamholberg/.m2/repository/org/hamcrest/hamcrest-core/1.3/hamcrest-core-1.3.jar:/Users/williamholberg/.m2/repository/org/junit/jupiter/junit-jupiter-api/5.8.2/junit-jupiter-api-5.8.2.jar:/Users/williamholberg/.m2/repository/org/opentest4j/opentest4j/1.2.0/opentest4j-1.2.0.jar:/Users/williamholberg/.m2/repository/org/junit/platform/junit-platform-commons/1.8.2/junit-platform-commons-1.8.2.jar:/Users/williamholberg/.m2/repository/io/cucumber/cucumber-picocontainer/7.2.3/cucumber-picocontainer-7.2.3.jar:/Users/williamholberg/.m2/repository/org/picocontainer/picocontainer/2.15/picocontainer-2.15.jar:/Users/williamholberg/.m2/repository/org/junit/jupiter/junit-jupiter-engine/5.8.2/junit-jupiter-engine-5.8.2.jar:/Users/williamholberg/.m2/repository/org/junit/platform/junit-platform-engine/1.8.2/junit-platform-engine-1.8.2.jar:/Users/williamholberg/.m2/repository/org/junit/vintage/junit-vintage-engine/5.8.2/junit-vintage-engine-5.8.2.jar:/Users/williamholberg/.m2/repository/org/junit/platform/junit-platform-runner/1.8.2/junit-platform-runner-1.8.2.jar:/Users/williamholberg/.m2/repository/org/junit/platform/junit-platform-launcher/1.8.2/junit-platform-launcher-1.8.2.jar:/Users/williamholberg/.m2/repository/org/junit/platform/junit-platform-suite-api/1.8.2/junit-platform-suite-api-1.8.2.jar:/Users/williamholberg/.m2/repository/org/junit/platform/junit-platform-suite-commons/1.8.2/junit-platform-suite-commons-1.8.2.jar:/Users/williamholberg/.m2/repository/org/mockito/mockito-core/4.3.1/mockito-core-4.3.1.jar:/Users/williamholberg/.m2/repository/net/bytebuddy/byte-buddy/1.12.7/byte-buddy-1.12.7.jar:/Users/williamholberg/.m2/repository/net/bytebuddy/byte-buddy-agent/1.12.7/byte-buddy-agent-1.12.7.jar:/Users/williamholberg/.m2/repository/org/objenesis/objenesis/3.2/objenesis-3.2.jar:/Users/williamholberg/.m2/repository/org/hamcrest/hamcrest/2.2/hamcrest-2.2.jar:"/>
    <property name="sun.cpu.endian" value="little"/>
    <property name="user.home" value="/Users/williamholberg"/>
    <property name="user.language" value="da"/>
    <property name="java.specification.vendor" value="Oracle Corporation"/>
    <property name="java.version.date" value="2022-01-18"/>
    <property name="java.home" value="/Users/williamholberg/Library/Java/JavaVirtualMachines/openjdk-17.0.2/Contents/Home"/>
    <property name="file.separator" value="/"/>
    <property name="basedir" value="/Users/williamholberg/Desktop/SEEP/SEEP"/>
    <property name="java.vm.compressedOopsMode" value="Zero based"/>
    <property name="line.separator" value="&#10;"/>
    <property name="java.specification.name" value="Java Platform API Specification"/>
    <property name="java.vm.specification.vendor" value="Oracle Corporation"/>
    <property name="surefire.real.class.path" value="/Users/williamholberg/Desktop/SEEP/SEEP/target/surefire/surefirebooter4067803070673333517.jar"/>
    <property name="sun.management.compiler" value="HotSpot 64-Bit Tiered Compilers"/>
    <property name="ftp.nonProxyHosts" value="local|*.local|169.254/16|*.169.254/16"/>
    <property name="java.runtime.version" value="17.0.2+8-86"/>
    <property name="user.name" value="williamholberg"/>
    <property name="path.separator" value=":"/>
    <property name="os.version" value="12.1"/>
    <property name="java.runtime.name" value="OpenJDK Runtime Environment"/>
    <property name="file.encoding" value="UTF-8"/>
    <property name="java.vm.name" value="OpenJDK 64-Bit Server VM"/>
    <property name="localRepository" value="/Users/williamholberg/.m2/repository"/>
    <property name="java.vendor.url.bug" value="https://bugreport.java.com/bugreport/"/>
    <property name="java.io.tmpdir" value="/var/folders/03/rcls14yj74zcs3_n88fx5wh00000gn/T/"/>
    <property name="idea.version" value="2021.3.2"/>
    <property name="java.version" value="17.0.2"/>
    <property name="user.dir" value="/Users/williamholberg/Desktop/SEEP/SEEP"/>
    <property name="os.arch" value="x86_64"/>
    <property name="java.vm.specification.name" value="Java Virtual Machine Specification"/>
    <property name="native.encoding" value="UTF-8"/>
    <property name="java.library.path" value="/Users/williamholberg/Library/Java/Extensions:/Library/Java/Extensions:/Network/Library/Java/Extensions:/System/Library/Java/Extensions:/usr/lib/java:."/>
    <property name="java.vm.info" value="mixed mode, sharing"/>
    <property name="java.vendor" value="Oracle Corporation"/>
    <property name="java.vm.version" value="17.0.2+8-86"/>
    <property name="sun.io.unicode.encoding" value="UnicodeBig"/>
    <property name="socksNonProxyHosts" value="local|*.local|169.254/16|*.169.254/16"/>
    <property name="java.class.version" value="61.0"/>
  </properties>
  <testcase name="An employee from this project and this activity adds another employee from this project to this activity" classname="setup.RunCucumberTest" time="0.173"/>
  <testcase name="The other employee is not assigned to this project" classname="setup.RunCucumberTest" time="0.015"/>
  <testcase name="The employee is not assigned to this activity" classname="setup.RunCucumberTest" time="0.015"/>
  <testcase name="The employee is not assigned to this project" classname="setup.RunCucumberTest" time="0.016"/>
  <testcase name="project leader adds employee to project" classname="setup.RunCucumberTest" time="0.014"/>
  <testcase name="project leader isn&apos;t leader of project" classname="setup.RunCucumberTest" time="0.012"/>
  <testcase name="add user2 as project leader" classname="setup.RunCucumberTest" time="0.013"/>
  <testcase name="user1 isn&apos;t part of project" classname="setup.RunCucumberTest" time="0.01"/>
  <testcase name="user2 isn&apos;t part of project" classname="setup.RunCucumberTest" time="0.01"/>
  <testcase name="Another project leader is assigned to a project that already has one assigned" classname="setup.RunCucumberTest" time="0.009"/>
  <testcase name="Budget time for an activity" classname="setup.RunCucumberTest" time="0.011"/>
  <testcase name="Change budget time for an activity" classname="setup.RunCucumberTest" time="0.022"/>
  <testcase name="Delete budget time" classname="setup.RunCucumberTest" time="0.011"/>
  <testcase name="Get total budget time for project" classname="setup.RunCucumberTest" time="0.012"/>
  <testcase name="Can an employee budget time" classname="setup.RunCucumberTest" time="0.013"/>
  <testcase name="Can an employee delete budget time" classname="setup.RunCucumberTest" time="0.015"/>
  <testcase name="A user tries to update the budgeted for a project" classname="setup.RunCucumberTest" time="0.011"/>
  <testcase name="The employee chooses to change the information of an activity on a project they are assigned to" classname="setup.RunCucumberTest" time="0.014"/>
  <testcase name="The employee changes the name to a name that is already the name of an existing activity" classname="setup.RunCucumberTest" time="0.008"/>
  <testcase name="The employee changes the name to blank" classname="setup.RunCucumberTest" time="0.009"/>
  <testcase name="The project leader creates an activity with a valid name and no other info" classname="setup.RunCucumberTest" time="0.008"/>
  <testcase name="The project leader creates an activity with a valid name and description" classname="setup.RunCucumberTest" time="0.006"/>
  <testcase name="The project leader creates an activity with an invalid name that is already used" classname="setup.RunCucumberTest" time="0.008"/>
  <testcase name="The project leader creates an activity with a blank name" classname="setup.RunCucumberTest" time="0.009"/>
  <testcase name="The actor is not project leader on the project they are trying to create an activity on" classname="setup.RunCucumberTest" time="0.005"/>
  <testcase name="A user creates a new project" classname="setup.RunCucumberTest" time="0.006"/>
  <testcase name="A user creates a project only with a description" classname="setup.RunCucumberTest" time="0.006"/>
  <testcase name="A project is created and the user is a part of the project" classname="setup.RunCucumberTest" time="0.007"/>
  <testcase name="A unauthorised user tries to create a project" classname="setup.RunCucumberTest" time="0.007"/>
  <testcase name="Two projects that are given the same name" classname="setup.RunCucumberTest" time="0.006"/>
  <testcase name="Two projects have the same ID" classname="setup.RunCucumberTest" time="0.006"/>
  <testcase name="The project leader choose to see status on a project, that they are assigned to" classname="setup.RunCucumberTest" time="0.008"/>
  <testcase name="The project leader choose to see status on a project, that they are not assigned to" classname="setup.RunCucumberTest" time="0.006"/>
  <testcase name="createActivity A" classname="setup.RunCucumberTest" time="0.004"/>
</testsuite>